<?xml version="1.0" encoding="UTF-8"?>
<testsuite xmlns:xsi="http://www.w3.org/2001/XMLSchema-instance" xsi:noNamespaceSchemaLocation="https://maven.apache.org/surefire/maven-surefire-plugin/xsd/surefire-test-report-3.0.xsd" version="3.0" name="net.openhft.chronicle.wire.MarshallableTest" time="0.311" tests="1" errors="0" skipped="0" failures="1">
  <properties>
[...]
</properties>
  <testcase name="testReset" classname="net.openhft.chronicle.wire.MarshallableTest" time="0.271">
    <failure message="expected:&lt;...le.wire.MyTypes {&#10;  [text: text,&#10;  flag: true,&#10;  b: 1,&#10;  s: 2,&#10;  ch: &quot;3&quot;,&#10;  i: 4,&#10;  f: 5.0,&#10;  d: 6.0,&#10;  l: 7]&#10;}&#10;&gt; but was:&lt;...le.wire.MyTypes {&#10;  [f: 5.0,&#10;  flag: true,&#10;  ch: &quot;3&quot;,&#10;  text: text,&#10;  s: 2,&#10;  d: 6.0,&#10;  l: 7,&#10;  b: 1,&#10;  i: 4]&#10;}&#10;&gt;" type="org.junit.ComparisonFailure"><![CDATA[org.junit.ComparisonFailure: 
expected:<...le.wire.MyTypes {
  [text: text,
  flag: true,
  b: 1,
  s: 2,
  ch: "3",
  i: 4,
  f: 5.0,
  d: 6.0,
  l: 7]
}
> but was:<...le.wire.MyTypes {
  [f: 5.0,
  flag: true,
  ch: "3",
  text: text,
  s: 2,
  d: 6.0,
  l: 7,
  b: 1,
  i: 4]
}
>
	at net.openhft.chronicle.wire.MarshallableTest.testReset(MarshallableTest.java:159)
]]></failure>
    <system-err><![CDATA[[main] INFO net.openhft.chronicle.core.Jvm - Chronicle core loaded from file:/home/shengan4/.m2/repository/net/openhft/chronicle-core/2.22ea3/chronicle-core-2.22ea3.jar
]]></system-err>
  </testcase>
</testsuite>