<?xml version="1.0" encoding="UTF-8"?>
<testsuite xmlns:xsi="http://www.w3.org/2001/XMLSchema-instance" xsi:noNamespaceSchemaLocation="https://maven.apache.org/surefire/maven-surefire-plugin/xsd/surefire-test-report-3.0.xsd" version="3.0" name="net.openhft.chronicle.wire.map.MapMarshallableTest" time="0.295" tests="1" errors="0" skipped="0" failures="1">
  <properties>
[...]
</properties>
  <testcase name="test" classname="net.openhft.chronicle.wire.map.MapMarshallableTest" time="0.294">
    <failure message="expected:&lt;{[one=10, two=20, three=3]0}&gt; but was:&lt;{[three=30, two=20, one=1]0}&gt;" type="org.junit.ComparisonFailure"><![CDATA[org.junit.ComparisonFailure: expected:<{[one=10, two=20, three=3]0}> but was:<{[three=30, two=20, one=1]0}>
	at net.openhft.chronicle.wire.map.MapMarshallableTest.test(MapMarshallableTest.java:31)
]]></failure>
    <system-err><![CDATA[[main] INFO net.openhft.chronicle.core.Jvm - Chronicle core loaded from file:/home/xiyanc2/.m2/repository/net/openhft/chronicle-core/2.22ea7-SNAPSHOT/chronicle-core-2.22ea7-SNAPSHOT.jar
]]></system-err>
  </testcase>
</testsuite>